<?xml version="1.0" encoding="UTF-8"?>
<!-- Generated by org.testng.reporters.JUnitReportReporter -->
<testsuite name="testcases.login_logout" tests="1" time="18.103" ignored="0" failures="0" timestamp="09 Dec 2021 18:10:05 GMT" skipped="0" hostname="PRADIPTA-PC" errors="0">
  <testcase name="testLoginLogout" time="18.103" classname="testcases.login_logout"/>
</testsuite> <!-- testcases.login_logout -->
